<?xml version="1.0" encoding="UTF-8"?>
<!-- Generated by org.testng.reporters.JUnitReportReporter -->
<testsuite skipped="0" hostname="DESKTOP-GS1DO0J" name="org.api.automation.TC_OO1_E2EAutomation" tests="1" failures="0" timestamp="06 Aug 2018 17:14:05 GMT" time="4.079" errors="0">
  <testcase name="tcase1" time="4.079" classname="org.api.automation.TC_OO1_E2EAutomation"/>
</testsuite> <!-- org.api.automation.TC_OO1_E2EAutomation -->
